[2022-06-06 06:58:24,972] INFO Scraping surface started...
[2022-06-06 07:00:01,982] INFO Page1 scraped
[2022-06-06 07:00:02,493] INFO Page2 scraped
[2022-06-06 07:00:05,586] INFO Page3 scraped
[2022-06-06 07:00:15,595] INFO Page4 scraped
[2022-06-06 07:00:18,967] INFO Page5 scraped
[2022-06-06 07:00:28,748] INFO Page6 scraped
[2022-06-06 07:00:29,825] INFO Page7 scraped
[2022-06-06 07:00:30,153] INFO Page8 scraped
[2022-06-06 07:00:30,521] INFO Page9 scraped
[2022-06-06 07:00:51,447] INFO Page10 scraped
[2022-06-06 07:00:51,971] INFO Page11 scraped
[2022-06-06 07:00:55,114] INFO Page12 scraped
[2022-06-06 07:01:04,983] INFO Page13 scraped
[2022-06-06 07:01:17,635] INFO Page14 scraped
[2022-06-06 07:01:31,198] INFO Page15 scraped
[2022-06-06 07:01:35,852] INFO Page16 scraped
[2022-06-06 07:01:46,456] INFO Page17 scraped
[2022-06-06 07:01:49,155] INFO Page18 scraped
[2022-06-06 07:01:55,212] INFO Page19 scraped
[2022-06-06 07:01:56,268] INFO Page20 scraped
[2022-06-06 07:02:00,584] INFO Page21 scraped
[2022-06-06 07:02:04,358] INFO Page22 scraped
[2022-06-06 07:02:06,089] INFO Page23 scraped
[2022-06-06 07:02:08,435] INFO Page24 scraped
[2022-06-06 07:02:09,763] INFO Page25 scraped
[2022-06-06 07:02:10,214] INFO Page26 scraped
[2022-06-06 07:02:10,796] INFO Page27 scraped
[2022-06-06 07:02:12,082] INFO Page28 scraped
[2022-06-06 07:02:12,104] INFO Page29 scraped
[2022-06-06 07:02:12,329] INFO Page30 scraped
[2022-06-06 07:02:12,492] INFO Page31 scraped
[2022-06-06 07:02:14,963] INFO Page32 scraped
[2022-06-06 07:02:19,004] INFO Page33 scraped
[2022-06-06 07:02:20,015] INFO Page34 scraped
[2022-06-06 07:02:23,776] INFO Page35 scraped
[2022-06-06 07:02:34,686] INFO Page36 scraped
[2022-06-06 07:02:47,009] INFO Page37 scraped
[2022-06-06 07:02:50,967] INFO Page38 scraped
[2022-06-06 07:02:57,091] INFO Page39 scraped
[2022-06-06 07:03:06,778] INFO Page40 scraped
[2022-06-06 07:03:07,839] INFO Page41 scraped
[2022-06-06 07:03:15,763] INFO Page42 scraped
[2022-06-06 07:03:18,961] INFO Page43 scraped
[2022-06-06 07:03:24,473] INFO Page44 scraped
[2022-06-06 07:03:49,300] INFO Page45 scraped
[2022-06-06 07:03:51,399] INFO Page46 scraped
[2022-06-06 07:04:06,264] INFO Page47 scraped
[2022-06-06 07:04:06,752] INFO Page48 scraped
[2022-06-06 07:04:13,979] INFO Page49 scraped
[2022-06-06 07:04:15,514] INFO Page50 scraped
[2022-06-06 07:04:18,700] INFO Page51 scraped
[2022-06-06 07:04:38,158] INFO Page52 scraped
[2022-06-06 07:04:50,431] INFO Page53 scraped
[2022-06-06 07:05:04,029] INFO Page54 scraped
[2022-06-06 07:05:06,927] INFO Page55 scraped
[2022-06-06 07:05:18,863] INFO Page56 scraped
[2022-06-06 07:05:19,389] INFO Page57 scraped
[2022-06-06 07:05:23,166] INFO Page58 scraped
[2022-06-06 07:05:27,779] INFO Page59 scraped
[2022-06-06 07:05:31,763] INFO Page60 scraped
[2022-06-06 07:05:34,426] INFO Page61 scraped
[2022-06-06 07:05:34,967] INFO Page62 scraped
[2022-06-06 07:05:39,500] INFO Page63 scraped
[2022-06-06 07:05:45,046] INFO Page64 scraped
[2022-06-06 07:05:45,207] INFO Page65 scraped
[2022-06-06 07:05:47,533] INFO Page66 scraped
[2022-06-06 07:05:50,580] INFO Page67 scraped
[2022-06-06 07:05:52,900] INFO Page68 scraped
[2022-06-06 07:05:53,565] INFO Page69 scraped
[2022-06-06 07:05:55,535] INFO Page70 scraped
[2022-06-06 07:05:55,881] INFO Page71 scraped
[2022-06-06 07:05:57,547] INFO Page72 scraped
[2022-06-06 07:05:58,106] INFO Page73 scraped
[2022-06-06 07:05:59,555] INFO Page74 scraped
[2022-06-06 07:06:00,311] INFO Page75 scraped
[2022-06-06 07:06:01,180] INFO Page76 scraped
[2022-06-06 07:06:06,829] INFO Page77 scraped
[2022-06-06 07:06:26,716] INFO Page78 scraped
[2022-06-06 07:06:35,240] INFO Page79 scraped
[2022-06-06 07:06:52,168] INFO Page80 scraped
[2022-06-06 07:06:54,863] INFO Page81 scraped
[2022-06-06 07:07:01,891] INFO Page82 scraped
[2022-06-06 07:07:03,667] INFO Page83 scraped
[2022-06-06 07:07:14,392] INFO Page84 scraped
[2022-06-06 07:07:26,161] INFO Page85 scraped
[2022-06-06 07:07:31,010] INFO Page86 scraped
[2022-06-06 07:07:33,979] INFO Page87 scraped
[2022-06-06 07:07:38,748] INFO Page88 scraped
[2022-06-06 07:07:45,270] INFO Page89 scraped
[2022-06-06 07:07:58,666] INFO Page90 scraped
[2022-06-06 07:08:01,481] INFO Page91 scraped
[2022-06-06 07:08:33,352] INFO Page92 scraped
[2022-06-06 07:08:33,834] INFO Page93 scraped
[2022-06-06 07:08:35,337] INFO Page94 scraped
[2022-06-06 07:08:35,959] INFO Page95 scraped
[2022-06-06 07:08:37,680] INFO Page96 scraped
[2022-06-06 07:08:44,160] INFO Page97 scraped
[2022-06-06 07:08:51,136] INFO Page98 scraped
[2022-06-06 07:08:53,325] INFO Page99 scraped
[2022-06-06 07:09:01,623] INFO Page100 scraped
[2022-06-06 07:09:02,805] INFO Page101 scraped
[2022-06-06 07:09:10,348] INFO Page102 scraped
[2022-06-06 07:09:10,519] INFO Page103 scraped
[2022-06-06 07:09:20,500] INFO Page104 scraped
[2022-06-06 07:09:22,758] INFO Page105 scraped
[2022-06-06 07:09:31,997] INFO Page106 scraped
[2022-06-06 07:09:36,650] INFO Page107 scraped
[2022-06-06 07:09:39,148] INFO Page108 scraped
[2022-06-06 07:09:41,117] INFO Page109 scraped
[2022-06-06 07:09:42,806] INFO Page110 scraped
[2022-06-06 07:09:44,150] INFO Page111 scraped
[2022-06-06 07:09:45,112] INFO Page112 scraped
[2022-06-06 07:09:46,084] INFO Page113 scraped
[2022-06-06 07:09:48,510] INFO Page114 scraped
[2022-06-06 07:09:50,860] INFO Page115 scraped
[2022-06-06 07:09:52,248] INFO Page116 scraped
[2022-06-06 07:09:53,268] INFO Page117 scraped
[2022-06-06 07:10:01,839] INFO Page118 scraped
[2022-06-06 07:10:17,543] INFO Page119 scraped
[2022-06-06 07:10:20,603] INFO Page120 scraped
[2022-06-06 07:10:20,912] INFO Page121 scraped
[2022-06-06 07:10:23,617] INFO Page122 scraped
[2022-06-06 07:10:24,875] INFO Page123 scraped
[2022-06-06 07:10:35,278] INFO Page124 scraped
[2022-06-06 07:10:41,716] INFO Page125 scraped
[2022-06-06 07:10:46,619] INFO Page126 scraped
[2022-06-06 07:10:56,248] INFO Page127 scraped
[2022-06-06 07:11:25,100] INFO Page128 scraped
[2022-06-06 07:11:25,842] INFO Page129 scraped
[2022-06-06 07:11:31,739] INFO Page130 scraped
[2022-06-06 07:11:38,051] INFO Page131 scraped
[2022-06-06 07:11:49,301] INFO Page132 scraped
[2022-06-06 07:12:07,607] INFO Page133 scraped
[2022-06-06 07:12:10,587] INFO Page134 scraped
[2022-06-06 07:12:12,157] INFO Page135 scraped
[2022-06-06 07:12:23,376] INFO Page136 scraped
[2022-06-06 07:12:23,605] INFO Page137 scraped
[2022-06-06 07:12:25,989] INFO Page138 scraped
[2022-06-06 07:12:34,000] INFO Page139 scraped
[2022-06-06 07:12:35,638] INFO Page140 scraped
[2022-06-06 07:12:39,614] INFO Page141 scraped
[2022-06-06 07:12:45,734] INFO Page142 scraped
[2022-06-06 07:12:52,049] INFO Page143 scraped
[2022-06-06 07:12:52,427] INFO Page144 scraped
[2022-06-06 07:13:05,728] INFO Page145 scraped
[2022-06-06 07:13:18,968] INFO Page146 scraped
[2022-06-06 07:13:21,876] INFO Page147 scraped
[2022-06-06 07:13:28,636] INFO Page148 scraped
[2022-06-06 07:13:33,024] INFO Page149 scraped
[2022-06-06 07:13:34,537] INFO Page150 scraped
[2022-06-06 07:13:37,728] INFO Page151 scraped
[2022-06-06 07:13:45,413] INFO Page152 scraped
[2022-06-06 07:13:45,840] INFO Page153 scraped
[2022-06-06 07:13:46,026] INFO Page154 scraped
[2022-06-06 07:13:46,936] INFO Page155 scraped
[2022-06-06 07:13:46,968] INFO Page156 scraped
[2022-06-06 07:13:48,011] INFO Page157 scraped
[2022-06-06 07:13:48,382] INFO Page158 scraped
[2022-06-06 07:13:54,900] INFO Page159 scraped
[2022-06-06 07:13:55,521] INFO Page160 scraped
[2022-06-06 07:13:57,267] INFO Page161 scraped
[2022-06-06 07:13:57,470] INFO Page162 scraped
[2022-06-06 07:13:59,298] INFO Page163 scraped
[2022-06-06 07:14:07,477] INFO Page164 scraped
[2022-06-06 07:14:19,315] INFO Page165 scraped
[2022-06-06 07:14:20,844] INFO Page166 scraped
[2022-06-06 07:14:39,067] INFO Page167 scraped
[2022-06-06 07:14:46,326] INFO Page168 scraped
[2022-06-06 07:14:47,736] INFO Page169 scraped
[2022-06-06 07:15:20,856] INFO Page170 scraped
[2022-06-06 07:15:37,047] INFO Page171 scraped
[2022-06-06 07:15:44,172] INFO Page172 scraped
[2022-06-06 07:15:45,187] INFO Page173 scraped
[2022-06-06 07:15:51,840] INFO Page174 scraped
[2022-06-06 07:15:54,111] INFO Page175 scraped
[2022-06-06 07:15:55,421] INFO Page176 scraped
[2022-06-06 07:15:56,089] INFO Page177 scraped
[2022-06-06 07:15:57,745] INFO Page178 scraped
[2022-06-06 07:16:01,119] INFO Page179 scraped
[2022-06-06 07:16:21,247] INFO Page180 scraped
[2022-06-06 07:16:22,424] INFO Page181 scraped
[2022-06-06 07:16:23,436] INFO Page182 scraped
[2022-06-06 07:16:28,310] INFO Page183 scraped
[2022-06-06 07:16:31,804] INFO Page184 scraped
[2022-06-06 07:16:35,775] INFO Page185 scraped
[2022-06-06 07:16:39,758] INFO Page186 scraped
[2022-06-06 07:16:51,493] INFO Page187 scraped
[2022-06-06 07:17:05,635] INFO Page188 scraped
[2022-06-06 07:17:05,891] INFO Page189 scraped
[2022-06-06 07:17:07,372] INFO Page190 scraped
[2022-06-06 07:17:18,323] INFO Page191 scraped
[2022-06-06 07:17:23,581] INFO Page192 scraped
[2022-06-06 07:17:23,863] INFO Page193 scraped
[2022-06-06 07:17:24,651] INFO Page194 scraped
[2022-06-06 07:17:25,698] INFO Page195 scraped
[2022-06-06 07:17:26,839] INFO Page196 scraped
[2022-06-06 07:17:28,841] INFO Page197 scraped
[2022-06-06 07:17:30,637] INFO Page198 scraped
[2022-06-06 07:17:35,928] INFO Page199 scraped
[2022-06-06 07:17:38,002] INFO Page200 scraped
[2022-06-06 07:17:39,755] INFO Page201 scraped
[2022-06-06 07:17:43,465] INFO Page202 scraped
[2022-06-06 07:17:45,561] INFO Page203 scraped
[2022-06-06 07:18:08,334] INFO Page204 scraped
[2022-06-06 07:18:16,766] INFO Page205 scraped
[2022-06-06 07:18:18,014] INFO Page206 scraped
[2022-06-06 07:18:24,968] INFO Page207 scraped
[2022-06-06 07:18:27,810] INFO Page208 scraped
[2022-06-06 07:18:31,232] INFO Page209 scraped
[2022-06-06 07:19:06,509] INFO Page210 scraped
[2022-06-06 07:19:10,572] INFO Page211 scraped
[2022-06-06 07:19:14,350] INFO Page212 scraped
[2022-06-06 07:19:15,768] INFO Page213 scraped
[2022-06-06 07:19:21,412] INFO Page214 scraped
[2022-06-06 07:19:29,078] INFO Page215 scraped
[2022-06-06 07:19:31,312] INFO Page216 scraped
[2022-06-06 07:19:31,622] INFO Page217 scraped
[2022-06-06 07:19:37,772] INFO Page218 scraped
[2022-06-06 07:19:41,309] INFO Page219 scraped
[2022-06-06 07:19:42,647] INFO Page220 scraped
[2022-06-06 07:19:51,149] INFO Page221 scraped
[2022-06-06 07:19:59,324] INFO Page222 scraped
[2022-06-06 07:20:01,542] INFO Page223 scraped
[2022-06-06 07:20:01,832] INFO Page224 scraped
[2022-06-06 07:20:18,446] INFO Page225 scraped
[2022-06-06 07:20:18,523] INFO Page226 scraped
[2022-06-06 07:20:18,925] INFO Page227 scraped
[2022-06-06 07:20:19,805] INFO Page228 scraped
[2022-06-06 07:20:19,828] INFO Page229 scraped
[2022-06-06 07:20:20,335] INFO Page230 scraped
[2022-06-06 07:20:21,766] INFO Page231 scraped
[2022-06-06 07:20:28,036] INFO Page232 scraped
[2022-06-06 07:20:29,605] INFO Page233 scraped
[2022-06-06 07:20:33,002] INFO Page234 scraped
[2022-06-06 07:20:33,774] INFO Page235 scraped
[2022-06-06 07:21:16,796] INFO Page236 scraped
[2022-06-06 07:21:47,981] INFO Page240 scraped
[2022-06-06 07:21:51,087] INFO Page241 scraped
[2022-06-06 07:22:03,511] INFO Page242 scraped
[2022-06-06 07:22:08,306] INFO Page243 scraped
[2022-06-06 07:22:15,825] INFO Page244 scraped
[2022-06-06 07:22:18,701] INFO Page245 scraped
[2022-06-06 07:22:26,499] INFO Page246 scraped
[2022-06-06 07:22:32,245] INFO Page247 scraped
[2022-06-06 07:22:36,652] INFO Page248 scraped
[2022-06-06 07:22:39,043] INFO Page249 scraped
[2022-06-06 07:22:40,889] INFO Page250 scraped
[2022-06-06 07:22:41,942] INFO Page251 scraped
[2022-06-06 07:22:44,564] INFO Page252 scraped
[2022-06-06 07:22:50,713] INFO Page253 scraped
[2022-06-06 07:22:54,173] INFO Page254 scraped
[2022-06-06 07:23:00,848] INFO Page255 scraped
[2022-06-06 07:23:34,242] INFO Page256 scraped
[2022-06-06 07:23:37,497] INFO Page257 scraped
[2022-06-06 07:24:13,050] INFO Page258 scraped
[2022-06-06 07:24:19,761] INFO Page259 scraped
[2022-06-06 07:24:20,272] INFO Page260 scraped
[2022-06-06 07:24:20,354] INFO Page261 scraped
[2022-06-06 07:24:20,384] INFO Page262 scraped
[2022-06-06 07:24:24,892] INFO Page263 scraped
[2022-06-06 07:24:25,828] INFO Page264 scraped
[2022-06-06 07:24:45,423] INFO Page265 scraped
[2022-06-06 07:24:47,519] INFO Page266 scraped
[2022-06-06 07:24:50,742] INFO Page267 scraped
[2022-06-06 07:24:53,406] INFO Page268 scraped
[2022-06-06 07:24:54,175] INFO Page269 scraped
[2022-06-06 07:24:56,703] INFO Page270 scraped
[2022-06-06 07:25:01,372] INFO Page271 scraped
[2022-06-06 07:25:27,720] INFO Page272 scraped
[2022-06-06 07:25:30,730] INFO Page273 scraped
[2022-06-06 07:25:36,442] INFO Page274 scraped
[2022-06-06 07:26:00,899] INFO Page275 scraped
[2022-06-06 07:26:05,237] INFO Page276 scraped
[2022-06-06 07:26:09,400] INFO Page277 scraped
[2022-06-06 07:26:10,768] INFO Page278 scraped
[2022-06-06 07:26:15,007] INFO Page279 scraped
[2022-06-06 07:26:25,500] INFO Page280 scraped
[2022-06-06 07:26:42,087] INFO Page281 scraped
[2022-06-06 07:26:47,892] INFO Page282 scraped
[2022-06-06 07:26:49,014] INFO Page283 scraped
[2022-06-06 07:26:49,159] INFO Page284 scraped
[2022-06-06 07:26:54,904] INFO Page285 scraped
[2022-06-06 07:26:56,473] INFO Page286 scraped
[2022-06-06 07:27:02,299] INFO Page287 scraped
[2022-06-06 07:27:18,412] INFO Page288 scraped
[2022-06-06 07:27:37,042] INFO Page289 scraped
[2022-06-06 07:27:50,618] INFO Page290 scraped
[2022-06-06 07:27:53,041] INFO Page291 scraped
[2022-06-06 07:27:56,057] INFO Page292 scraped
[2022-06-06 07:28:01,686] INFO Page293 scraped
[2022-06-06 07:28:12,578] INFO Page294 scraped
[2022-06-06 07:28:14,873] INFO Page295 scraped
[2022-06-06 07:28:15,180] INFO Page296 scraped
[2022-06-06 07:28:15,535] INFO Page297 scraped
[2022-06-06 07:28:15,681] INFO Page298 scraped
[2022-06-06 07:28:16,462] INFO Page299 scraped
[2022-06-06 07:28:17,119] INFO Page300 scraped
[2022-06-06 07:28:17,120] INFO Scraping surface finished.
[2022-06-06 07:28:18,122] INFO Generating surface CSV file...
[2022-06-06 07:28:18,123] INFO Generating json and uploading to dynamo databse...
